2023-08-18 08:34:54,293 INFO success: queue-worker_00 entered RUNNING state, process has stayed up for > than 1 seconds (startsecs)
2023-08-18 08:34:57,653 INFO exited: queue-worker_00 (exit status 0; expected)
2023-08-18 08:34:58,673 INFO spawned: 'queue-worker_00' with pid 197
2023-08-18 08:34:59,681 INFO success: queue-worker_00 entered RUNNING state, process has stayed up for > than 1 seconds (startsecs)
2023-08-18 08:35:03,062 INFO exited: queue-worker_00 (exit status 0; expected)
2023-08-18 08:35:04,094 INFO spawned: 'queue-worker_00' with pid 206
2023-08-18 08:35:05,099 INFO success: queue-worker_00 entered RUNNING state, process has stayed up for > than 1 seconds (startsecs)
2023-08-18 08:35:08,485 INFO exited: queue-worker_00 (exit status 0; expected)
2023-08-18 08:35:09,514 INFO spawned: 'queue-worker_00' with pid 211
2023-08-18 08:35:10,524 INFO success: queue-worker_00 entered RUNNING state, process has stayed up for > than 1 seconds (startsecs)
2023-08-18 08:35:13,899 INFO exited: queue-worker_00 (exit status 0; expected)
2023-08-18 08:35:14,915 INFO spawned: 'queue-worker_00' with pid 216
2023-08-18 08:35:15,923 INFO success: queue-worker_00 entered RUNNING state, process has stayed up for > than 1 seconds (startsecs)
2023-08-18 08:35:19,281 INFO exited: queue-worker_00 (exit status 0; expected)
2023-08-18 08:35:20,308 INFO spawned: 'queue-worker_00' with pid 221
2023-08-18 08:35:21,333 INFO success: queue-worker_00 entered RUNNING state, process has stayed up for > than 1 seconds (startsecs)
2023-08-18 08:35:24,888 INFO exited: queue-worker_00 (exit status 0; expected)
2023-08-18 08:35:25,914 INFO spawned: 'queue-worker_00' with pid 226
2023-08-18 08:35:26,923 INFO success: queue-worker_00 entered RUNNING state, process has stayed up for > than 1 seconds (startsecs)
2023-08-18 08:35:30,239 INFO exited: queue-worker_00 (exit status 0; expected)
2023-08-18 08:35:31,259 INFO spawned: 'queue-worker_00' with pid 231
2023-08-18 08:35:32,267 INFO success: queue-worker_00 entered RUNNING state, process has stayed up for > than 1 seconds (startsecs)
2023-08-18 08:35:35,590 INFO exited: queue-worker_00 (exit status 0; expected)
2023-08-18 08:35:36,612 INFO spawned: 'queue-worker_00' with pid 236
2023-08-18 08:35:37,622 INFO success: queue-worker_00 entered RUNNING state, process has stayed up for > than 1 seconds (startsecs)
2023-08-18 08:35:40,884 INFO exited: queue-worker_00 (exit status 0; expected)
2023-08-18 08:35:41,901 INFO spawned: 'queue-worker_00' with pid 241
2023-08-18 08:35:42,911 INFO success: queue-worker_00 entered RUNNING state, process has stayed up for > than 1 seconds (startsecs)
2023-08-18 08:35:46,224 INFO exited: queue-worker_00 (exit status 0; expected)
2023-08-18 08:35:47,241 INFO spawned: 'queue-worker_00' with pid 246
2023-08-18 08:35:48,247 INFO success: queue-worker_00 entered RUNNING state, process has stayed up for > than 1 seconds (startsecs)
2023-08-18 08:35:51,603 INFO exited: queue-worker_00 (exit status 0; expected)
2023-08-18 08:35:52,627 INFO spawned: 'queue-worker_00' with pid 251
2023-08-18 08:35:53,634 INFO success: queue-worker_00 entered RUNNING state, process has stayed up for > than 1 seconds (startsecs)
2023-08-18 08:35:56,989 INFO exited: queue-worker_00 (exit status 0; expected)
2023-08-18 08:35:58,005 INFO spawned: 'queue-worker_00' with pid 256
2023-08-18 08:35:59,011 INFO success: queue-worker_00 entered RUNNING state, process has stayed up for > than 1 seconds (startsecs)
2023-08-18 08:36:02,319 INFO exited: queue-worker_00 (exit status 0; expected)
2023-08-18 08:36:03,351 INFO spawned: 'queue-worker_00' with pid 265
2023-08-18 08:36:04,357 INFO success: queue-worker_00 entered RUNNING state, process has stayed up for > than 1 seconds (startsecs)
2023-08-18 08:36:07,744 INFO exited: queue-worker_00 (exit status 0; expected)
2023-08-18 08:36:08,762 INFO spawned: 'queue-worker_00' with pid 270
2023-08-18 08:36:09,771 INFO success: queue-worker_00 entered RUNNING state, process has stayed up for > than 1 seconds (startsecs)
2023-08-18 08:36:13,133 INFO exited: queue-worker_00 (exit status 0; expected)
2023-08-18 08:36:14,159 INFO spawned: 'queue-worker_00' with pid 275
2023-08-18 08:36:15,173 INFO success: queue-worker_00 entered RUNNING state, process has stayed up for > than 1 seconds (startsecs)
2023-08-18 08:36:18,531 INFO exited: queue-worker_00 (exit status 0; expected)
2023-08-18 08:36:19,551 INFO spawned: 'queue-worker_00' with pid 280
2023-08-18 08:36:20,559 INFO success: queue-worker_00 entered RUNNING state, process has stayed up for > than 1 seconds (startsecs)
2023-08-18 08:36:23,865 INFO exited: queue-worker_00 (exit status 0; expected)
2023-08-18 08:36:24,875 INFO spawned: 'queue-worker_00' with pid 285
2023-08-18 08:36:25,887 INFO success: queue-worker_00 entered RUNNING state, process has stayed up for > than 1 seconds (startsecs)
2023-08-18 08:36:29,335 INFO exited: queue-worker_00 (exit status 0; expected)
2023-08-18 08:36:30,362 INFO spawned: 'queue-worker_00' with pid 290
2023-08-18 08:36:31,372 INFO success: queue-worker_00 entered RUNNING state, process has stayed up for > than 1 seconds (startsecs)
2023-08-18 08:36:34,854 INFO exited: queue-worker_00 (exit status 0; expected)
2023-08-18 08:36:35,872 INFO spawned: 'queue-worker_00' with pid 295
2023-08-18 08:36:36,876 INFO success: queue-worker_00 entered RUNNING state, process has stayed up for > than 1 seconds (startsecs)
2023-08-18 08:36:40,240 INFO exited: queue-worker_00 (exit status 0; expected)
2023-08-18 08:36:41,273 INFO spawned: 'queue-worker_00' with pid 300
2023-08-18 08:36:42,308 INFO success: queue-worker_00 entered RUNNING state, process has stayed up for > than 1 seconds (startsecs)
2023-08-18 08:36:45,717 INFO exited: queue-worker_00 (exit status 0; expected)
2023-08-18 08:36:46,754 INFO spawned: 'queue-worker_00' with pid 305
2023-08-18 08:36:47,767 INFO success: queue-worker_00 entered RUNNING state, process has stayed up for > than 1 seconds (startsecs)
2023-08-18 08:36:51,101 INFO exited: queue-worker_00 (exit status 0; expected)
2023-08-18 08:36:52,105 INFO spawned: 'queue-worker_00' with pid 310
2023-08-18 08:36:53,110 INFO success: queue-worker_00 entered RUNNING state, process has stayed up for > than 1 seconds (startsecs)
2023-08-18 08:36:56,476 INFO exited: queue-worker_00 (exit status 0; expected)
2023-08-18 08:36:57,510 INFO spawned: 'queue-worker_00' with pid 315
2023-08-18 08:36:58,521 INFO success: queue-worker_00 entered RUNNING state, process has stayed up for > than 1 seconds (startsecs)
2023-08-18 08:37:01,902 INFO exited: queue-worker_00 (exit status 0; expected)
2023-08-18 08:37:02,925 INFO spawned: 'queue-worker_00' with pid 324
2023-08-18 08:37:03,932 INFO success: queue-worker_00 entered RUNNING state, process has stayed up for > than 1 seconds (startsecs)
2023-08-18 08:37:07,267 INFO exited: queue-worker_00 (exit status 0; expected)
2023-08-18 08:37:08,283 INFO spawned: 'queue-worker_00' with pid 329
2023-08-18 08:37:09,289 INFO success: queue-worker_00 entered RUNNING state, process has stayed up for > than 1 seconds (startsecs)
2023-08-18 08:37:12,634 INFO exited: queue-worker_00 (exit status 0; expected)
2023-08-18 08:37:13,656 INFO spawned: 'queue-worker_00' with pid 334
2023-08-18 08:37:14,665 INFO success: queue-worker_00 entered RUNNING state, process has stayed up for > than 1 seconds (startsecs)
2023-08-18 08:37:18,023 INFO exited: queue-worker_00 (exit status 0; expected)
2023-08-18 08:37:19,036 INFO spawned: 'queue-worker_00' with pid 339
2023-08-18 08:37:20,045 INFO success: queue-worker_00 entered RUNNING state, process has stayed up for > than 1 seconds (startsecs)
2023-08-18 08:37:23,340 INFO exited: queue-worker_00 (exit status 0; expected)
2023-08-18 08:37:24,358 INFO spawned: 'queue-worker_00' with pid 344
2023-08-18 08:37:25,366 INFO success: queue-worker_00 entered RUNNING state, process has stayed up for > than 1 seconds (startsecs)
2023-08-18 08:37:28,665 INFO exited: queue-worker_00 (exit status 0; expected)
2023-08-18 08:37:29,678 INFO spawned: 'queue-worker_00' with pid 349
2023-08-18 08:37:30,686 INFO success: queue-worker_00 entered RUNNING state, process has stayed up for > than 1 seconds (startsecs)
2023-08-18 08:37:34,118 INFO exited: queue-worker_00 (exit status 0; expected)
2023-08-18 08:37:35,157 INFO spawned: 'queue-worker_00' with pid 354
2023-08-18 08:37:36,245 INFO success: queue-worker_00 entered RUNNING state, process has stayed up for > than 1 seconds (startsecs)
2023-08-18 08:37:39,592 INFO exited: queue-worker_00 (exit status 0; expected)
2023-08-18 08:37:40,607 INFO spawned: 'queue-worker_00' with pid 359
2023-08-18 08:37:41,616 INFO success: queue-worker_00 entered RUNNING state, process has stayed up for > than 1 seconds (startsecs)
2023-08-18 08:37:44,914 INFO exited: queue-worker_00 (exit status 0; expected)
2023-08-18 08:37:45,938 INFO spawned: 'queue-worker_00' with pid 364
2023-08-18 08:37:46,949 INFO success: queue-worker_00 entered RUNNING state, process has stayed up for > than 1 seconds (startsecs)
2023-08-18 08:37:50,290 INFO exited: queue-worker_00 (exit status 0; expected)
2023-08-18 08:37:51,301 INFO spawned: 'queue-worker_00' with pid 369
2023-08-18 08:37:52,310 INFO success: queue-worker_00 entered RUNNING state, process has stayed up for > than 1 seconds (startsecs)
2023-08-18 08:37:55,693 INFO exited: queue-worker_00 (exit status 0; expected)
2023-08-18 08:37:56,709 INFO spawned: 'queue-worker_00' with pid 374
2023-08-18 08:37:57,713 INFO success: queue-worker_00 entered RUNNING state, process has stayed up for > than 1 seconds (startsecs)
2023-08-18 08:38:01,150 INFO exited: queue-worker_00 (exit status 0; expected)
2023-08-18 08:38:02,194 INFO spawned: 'queue-worker_00' with pid 383
2023-08-18 08:38:03,200 INFO success: queue-worker_00 entered RUNNING state, process has stayed up for > than 1 seconds (startsecs)
2023-08-18 08:38:06,568 INFO exited: queue-worker_00 (exit status 0; expected)
2023-08-18 08:38:07,575 INFO spawned: 'queue-worker_00' with pid 388
2023-08-18 08:38:08,592 INFO success: queue-worker_00 entered RUNNING state, process has stayed up for > than 1 seconds (startsecs)
2023-08-18 08:38:11,925 INFO exited: queue-worker_00 (exit status 0; expected)
2023-08-18 08:38:12,964 INFO spawned: 'queue-worker_00' with pid 393
2023-08-18 08:38:13,970 INFO success: queue-worker_00 entered RUNNING state, process has stayed up for > than 1 seconds (startsecs)
2023-08-18 08:38:17,361 INFO exited: queue-worker_00 (exit status 0; expected)
2023-08-18 08:38:18,373 INFO spawned: 'queue-worker_00' with pid 398
2023-08-18 08:38:19,384 INFO success: queue-worker_00 entered RUNNING state, process has stayed up for > than 1 seconds (startsecs)
2023-08-18 08:38:22,689 INFO exited: queue-worker_00 (exit status 0; expected)
2023-08-18 08:38:23,708 INFO spawned: 'queue-worker_00' with pid 403
2023-08-18 08:38:24,718 INFO success: queue-worker_00 entered RUNNING state, process has stayed up for > than 1 seconds (startsecs)
2023-08-18 08:38:28,094 INFO exited: queue-worker_00 (exit status 0; expected)
2023-08-18 08:38:29,113 INFO spawned: 'queue-worker_00' with pid 408
2023-08-18 08:38:30,122 INFO success: queue-worker_00 entered RUNNING state, process has stayed up for > than 1 seconds (startsecs)
2023-08-18 08:38:33,572 INFO exited: queue-worker_00 (exit status 0; expected)
2023-08-18 08:38:34,583 INFO spawned: 'queue-worker_00' with pid 413
2023-08-18 08:38:35,591 INFO success: queue-worker_00 entered RUNNING state, process has stayed up for > than 1 seconds (startsecs)
2023-08-18 08:38:38,888 INFO exited: queue-worker_00 (exit status 0; expected)
2023-08-18 08:38:39,898 INFO spawned: 'queue-worker_00' with pid 418
2023-08-18 08:38:40,904 INFO success: queue-worker_00 entered RUNNING state, process has stayed up for > than 1 seconds (startsecs)
2023-08-18 08:38:44,221 INFO exited: queue-worker_00 (exit status 0; expected)
2023-08-18 08:38:45,236 INFO spawned: 'queue-worker_00' with pid 423
2023-08-18 08:38:46,243 INFO success: queue-worker_00 entered RUNNING state, process has stayed up for > than 1 seconds (startsecs)
2023-08-18 08:39:20,464 WARN received SIGTERM indicating exit request
2023-08-18 08:39:20,475 INFO waiting for queue-worker_00, schedule-worker_00 to die
2023-08-18 08:39:21,493 WARN stopped: schedule-worker_00 (terminated by SIGTERM)
2023-08-18 08:39:22,509 WARN stopped: queue-worker_00 (terminated by SIGTERM)
2023-08-18 08:39:26,584 INFO Set uid to user 0 succeeded
2023-08-18 08:39:26,602 INFO supervisord started with pid 1
2023-08-18 08:39:27,610 INFO spawned: 'queue-worker_00' with pid 7
2023-08-18 08:39:27,614 INFO spawned: 'schedule-worker_00' with pid 8
2023-08-18 08:39:29,263 INFO success: queue-worker_00 entered RUNNING state, process has stayed up for > than 1 seconds (startsecs)
2023-08-18 08:39:29,264 INFO success: schedule-worker_00 entered RUNNING state, process has stayed up for > than 1 seconds (startsecs)
2023-08-18 08:41:22,716 WARN received SIGTERM indicating exit request
2023-08-18 08:41:22,723 INFO waiting for queue-worker_00, schedule-worker_00 to die
2023-08-18 08:41:22,740 WARN stopped: schedule-worker_00 (terminated by SIGTERM)
2023-08-18 08:41:23,752 WARN stopped: queue-worker_00 (terminated by SIGTERM)
2023-08-18 08:41:27,650 INFO Set uid to user 0 succeeded
2023-08-18 08:41:27,662 INFO supervisord started with pid 1
2023-08-18 08:41:28,676 INFO spawned: 'queue-worker_00' with pid 7
2023-08-18 08:41:28,680 INFO spawned: 'schedule-worker_00' with pid 8
2023-08-18 08:41:30,176 INFO success: queue-worker_00 entered RUNNING state, process has stayed up for > than 1 seconds (startsecs)
2023-08-18 08:41:30,177 INFO success: schedule-worker_00 entered RUNNING state, process has stayed up for > than 1 seconds (startsecs)
2023-08-18 08:41:33,381 INFO exited: queue-worker_00 (exit status 0; expected)
2023-08-18 08:41:34,428 INFO spawned: 'queue-worker_00' with pid 15
2023-08-18 08:41:35,441 INFO success: queue-worker_00 entered RUNNING state, process has stayed up for > than 1 seconds (startsecs)
2023-08-18 08:41:39,225 INFO exited: queue-worker_00 (exit status 0; expected)
2023-08-18 08:41:40,253 INFO spawned: 'queue-worker_00' with pid 20
2023-08-18 08:41:41,258 INFO success: queue-worker_00 entered RUNNING state, process has stayed up for > than 1 seconds (startsecs)
2023-08-18 08:41:45,139 INFO exited: queue-worker_00 (exit status 0; expected)
2023-08-18 08:41:46,156 INFO spawned: 'queue-worker_00' with pid 25
2023-08-18 08:41:47,158 INFO success: queue-worker_00 entered RUNNING state, process has stayed up for > than 1 seconds (startsecs)
2023-08-18 08:41:51,290 INFO exited: queue-worker_00 (exit status 0; expected)
2023-08-18 08:41:52,305 INFO spawned: 'queue-worker_00' with pid 30
2023-08-18 08:41:53,318 INFO success: queue-worker_00 entered RUNNING state, process has stayed up for > than 1 seconds (startsecs)
2023-08-18 08:41:56,864 INFO exited: queue-worker_00 (exit status 0; expected)
2023-08-18 08:41:57,888 INFO spawned: 'queue-worker_00' with pid 35
2023-08-18 08:41:58,894 INFO success: queue-worker_00 entered RUNNING state, process has stayed up for > than 1 seconds (startsecs)
2023-08-18 08:42:02,328 INFO exited: queue-worker_00 (exit status 0; expected)
2023-08-18 08:42:03,350 INFO spawned: 'queue-worker_00' with pid 44
2023-08-18 08:42:04,361 INFO success: queue-worker_00 entered RUNNING state, process has stayed up for > than 1 seconds (startsecs)
2023-08-18 08:42:07,892 INFO exited: queue-worker_00 (exit status 0; expected)
2023-08-18 08:42:08,912 INFO spawned: 'queue-worker_00' with pid 49
2023-08-18 08:42:09,921 INFO success: queue-worker_00 entered RUNNING state, process has stayed up for > than 1 seconds (startsecs)
2023-08-18 08:42:13,222 INFO exited: queue-worker_00 (exit status 0; expected)
2023-08-18 08:42:14,250 INFO spawned: 'queue-worker_00' with pid 54
2023-08-18 08:42:15,262 INFO success: queue-worker_00 entered RUNNING state, process has stayed up for > than 1 seconds (startsecs)
2023-08-18 08:42:18,687 INFO exited: queue-worker_00 (exit status 0; expected)
2023-08-18 08:42:19,704 INFO spawned: 'queue-worker_00' with pid 59
2023-08-18 08:42:20,713 INFO success: queue-worker_00 entered RUNNING state, process has stayed up for > than 1 seconds (startsecs)
2023-08-18 08:42:24,036 INFO exited: queue-worker_00 (exit status 0; expected)
2023-08-18 08:42:25,082 INFO spawned: 'queue-worker_00' with pid 64
2023-08-18 08:42:26,087 INFO success: queue-worker_00 entered RUNNING state, process has stayed up for > than 1 seconds (startsecs)
2023-08-18 08:42:29,444 INFO exited: queue-worker_00 (exit status 0; expected)
2023-08-18 08:42:30,471 INFO spawned: 'queue-worker_00' with pid 69
2023-08-18 08:42:31,481 INFO success: queue-worker_00 entered RUNNING state, process has stayed up for > than 1 seconds (startsecs)
2023-08-18 08:42:34,895 INFO exited: queue-worker_00 (exit status 0; expected)
2023-08-18 08:42:35,927 INFO spawned: 'queue-worker_00' with pid 74
2023-08-18 08:42:36,935 INFO success: queue-worker_00 entered RUNNING state, process has stayed up for > than 1 seconds (startsecs)
2023-08-18 08:42:40,285 INFO exited: queue-worker_00 (exit status 0; expected)
2023-08-18 08:42:41,307 INFO spawned: 'queue-worker_00' with pid 79
2023-08-18 08:42:42,315 INFO success: queue-worker_00 entered RUNNING state, process has stayed up for > than 1 seconds (startsecs)
2023-08-18 08:42:45,716 INFO exited: queue-worker_00 (exit status 0; expected)
2023-08-18 08:42:46,727 INFO spawned: 'queue-worker_00' with pid 84
2023-08-18 08:42:47,733 INFO success: queue-worker_00 entered RUNNING state, process has stayed up for > than 1 seconds (startsecs)
2023-08-18 08:42:51,026 INFO exited: queue-worker_00 (exit status 0; expected)
2023-08-18 08:42:52,046 INFO spawned: 'queue-worker_00' with pid 89
2023-08-18 08:42:53,050 INFO success: queue-worker_00 entered RUNNING state, process has stayed up for > than 1 seconds (startsecs)
2023-08-18 08:42:56,382 INFO exited: queue-worker_00 (exit status 0; expected)
2023-08-18 08:42:57,394 INFO spawned: 'queue-worker_00' with pid 94
2023-08-18 08:42:58,402 INFO success: queue-worker_00 entered RUNNING state, process has stayed up for > than 1 seconds (startsecs)
2023-08-18 08:43:01,760 INFO exited: queue-worker_00 (exit status 0; expected)
2023-08-18 08:43:02,779 INFO spawned: 'queue-worker_00' with pid 103
2023-08-18 08:43:03,783 INFO success: queue-worker_00 entered RUNNING state, process has stayed up for > than 1 seconds (startsecs)
2023-08-18 08:43:07,104 INFO exited: queue-worker_00 (exit status 0; expected)
2023-08-18 08:43:08,120 INFO spawned: 'queue-worker_00' with pid 108
2023-08-18 08:43:09,129 INFO success: queue-worker_00 entered RUNNING state, process has stayed up for > than 1 seconds (startsecs)
2023-08-18 08:43:12,454 INFO exited: queue-worker_00 (exit status 0; expected)
2023-08-18 08:43:13,470 INFO spawned: 'queue-worker_00' with pid 113
2023-08-18 08:43:14,474 INFO success: queue-worker_00 entered RUNNING state, process has stayed up for > than 1 seconds (startsecs)
2023-08-18 08:43:17,788 INFO exited: queue-worker_00 (exit status 0; expected)
2023-08-18 08:43:18,801 INFO spawned: 'queue-worker_00' with pid 118
2023-08-18 08:43:19,809 INFO success: queue-worker_00 entered RUNNING state, process has stayed up for > than 1 seconds (startsecs)
2023-08-18 08:43:23,123 INFO exited: queue-worker_00 (exit status 0; expected)
2023-08-18 08:43:24,143 INFO spawned: 'queue-worker_00' with pid 123
2023-08-18 08:43:25,149 INFO success: queue-worker_00 entered RUNNING state, process has stayed up for > than 1 seconds (startsecs)
2023-08-18 08:43:28,454 INFO exited: queue-worker_00 (exit status 0; expected)
2023-08-18 08:43:29,468 INFO spawned: 'queue-worker_00' with pid 128
2023-08-18 08:43:30,474 INFO success: queue-worker_00 entered RUNNING state, process has stayed up for > than 1 seconds (startsecs)
2023-08-18 08:43:33,903 INFO exited: queue-worker_00 (exit status 0; expected)
2023-08-18 08:43:34,934 INFO spawned: 'queue-worker_00' with pid 133
2023-08-18 08:43:35,952 INFO success: queue-worker_00 entered RUNNING state, process has stayed up for > than 1 seconds (startsecs)
2023-08-18 08:43:39,351 INFO exited: queue-worker_00 (exit status 0; expected)
2023-08-18 08:43:40,365 INFO spawned: 'queue-worker_00' with pid 138
2023-08-18 08:43:41,369 INFO success: queue-worker_00 entered RUNNING state, process has stayed up for > than 1 seconds (startsecs)
2023-08-18 08:43:44,711 INFO exited: queue-worker_00 (exit status 0; expected)
2023-08-18 08:43:45,746 INFO spawned: 'queue-worker_00' with pid 143
2023-08-18 08:43:46,750 INFO success: queue-worker_00 entered RUNNING state, process has stayed up for > than 1 seconds (startsecs)
2023-08-18 08:43:50,161 INFO exited: queue-worker_00 (exit status 0; expected)
2023-08-18 08:43:51,179 INFO spawned: 'queue-worker_00' with pid 148
2023-08-18 08:43:52,188 INFO success: queue-worker_00 entered RUNNING state, process has stayed up for > than 1 seconds (startsecs)
2023-08-18 08:43:55,538 INFO exited: queue-worker_00 (exit status 0; expected)
2023-08-18 08:43:56,567 INFO spawned: 'queue-worker_00' with pid 153
2023-08-18 08:43:57,573 INFO success: queue-worker_00 entered RUNNING state, process has stayed up for > than 1 seconds (startsecs)
2023-08-18 08:44:00,915 INFO exited: queue-worker_00 (exit status 0; expected)
2023-08-18 08:44:01,931 INFO spawned: 'queue-worker_00' with pid 162
2023-08-18 08:44:02,936 INFO success: queue-worker_00 entered RUNNING state, process has stayed up for > than 1 seconds (startsecs)
2023-08-18 08:44:06,298 INFO exited: queue-worker_00 (exit status 0; expected)
2023-08-18 08:44:07,327 INFO spawned: 'queue-worker_00' with pid 167
2023-08-18 08:44:08,347 INFO success: queue-worker_00 entered RUNNING state, process has stayed up for > than 1 seconds (startsecs)
2023-08-18 08:44:11,936 INFO exited: queue-worker_00 (exit status 0; expected)
2023-08-18 08:44:12,963 INFO spawned: 'queue-worker_00' with pid 172
2023-08-18 08:44:13,968 INFO success: queue-worker_00 entered RUNNING state, process has stayed up for > than 1 seconds (startsecs)
2023-08-18 08:44:17,305 INFO exited: queue-worker_00 (exit status 0; expected)
2023-08-18 08:44:18,318 INFO spawned: 'queue-worker_00' with pid 177
2023-08-18 08:44:19,328 INFO success: queue-worker_00 entered RUNNING state, process has stayed up for > than 1 seconds (startsecs)
2023-08-18 08:44:22,607 INFO exited: queue-worker_00 (exit status 0; expected)
2023-08-18 08:44:23,634 INFO spawned: 'queue-worker_00' with pid 182
2023-08-18 08:44:24,642 INFO success: queue-worker_00 entered RUNNING state, process has stayed up for > than 1 seconds (startsecs)
2023-08-18 08:44:27,967 INFO exited: queue-worker_00 (exit status 0; expected)
2023-08-18 08:44:28,982 INFO spawned: 'queue-worker_00' with pid 187
2023-08-18 08:44:29,987 INFO success: queue-worker_00 entered RUNNING state, process has stayed up for > than 1 seconds (startsecs)
2023-08-18 08:44:33,302 INFO exited: queue-worker_00 (exit status 0; expected)
2023-08-18 08:44:34,316 INFO spawned: 'queue-worker_00' with pid 192
2023-08-18 08:44:35,323 INFO success: queue-worker_00 entered RUNNING state, process has stayed up for > than 1 seconds (startsecs)
2023-08-18 08:44:38,704 INFO exited: queue-worker_00 (exit status 0; expected)
2023-08-18 08:44:39,727 INFO spawned: 'queue-worker_00' with pid 197
2023-08-18 08:44:40,734 INFO success: queue-worker_00 entered RUNNING state, process has stayed up for > than 1 seconds (startsecs)
2023-08-18 08:44:44,145 INFO exited: queue-worker_00 (exit status 0; expected)
2023-08-18 08:44:45,186 INFO spawned: 'queue-worker_00' with pid 202
2023-08-18 08:44:46,194 INFO success: queue-worker_00 entered RUNNING state, process has stayed up for > than 1 seconds (startsecs)
2023-08-18 08:44:50,097 INFO exited: queue-worker_00 (exit status 0; expected)
2023-08-18 08:44:51,144 INFO spawned: 'queue-worker_00' with pid 207
2023-08-18 08:44:52,157 INFO success: queue-worker_00 entered RUNNING state, process has stayed up for > than 1 seconds (startsecs)
2023-08-18 08:44:57,047 INFO exited: queue-worker_00 (exit status 0; expected)
2023-08-18 08:44:58,070 INFO spawned: 'queue-worker_00' with pid 212
2023-08-18 08:44:59,077 INFO success: queue-worker_00 entered RUNNING state, process has stayed up for > than 1 seconds (startsecs)
2023-08-18 08:45:02,674 INFO exited: queue-worker_00 (exit status 0; expected)
2023-08-18 08:45:03,736 INFO spawned: 'queue-worker_00' with pid 221
2023-08-18 08:45:04,745 INFO success: queue-worker_00 entered RUNNING state, process has stayed up for > than 1 seconds (startsecs)
2023-08-18 08:45:08,232 INFO exited: queue-worker_00 (exit status 0; expected)
2023-08-18 08:45:09,251 INFO spawned: 'queue-worker_00' with pid 226
2023-08-18 08:45:10,255 INFO success: queue-worker_00 entered RUNNING state, process has stayed up for > than 1 seconds (startsecs)
2023-08-18 08:45:13,674 INFO exited: queue-worker_00 (exit status 0; expected)
2023-08-18 08:45:14,697 INFO spawned: 'queue-worker_00' with pid 231
2023-08-18 08:45:15,707 INFO success: queue-worker_00 entered RUNNING state, process has stayed up for > than 1 seconds (startsecs)
2023-08-18 08:45:19,130 INFO exited: queue-worker_00 (exit status 0; expected)
2023-08-18 08:45:20,173 INFO spawned: 'queue-worker_00' with pid 236
2023-08-18 08:45:21,186 INFO success: queue-worker_00 entered RUNNING state, process has stayed up for > than 1 seconds (startsecs)
2023-08-18 08:45:24,657 INFO exited: queue-worker_00 (exit status 0; expected)
2023-08-18 08:45:25,683 INFO spawned: 'queue-worker_00' with pid 241
2023-08-18 08:45:26,692 INFO success: queue-worker_00 entered RUNNING state, process has stayed up for > than 1 seconds (startsecs)
2023-08-18 08:45:30,141 INFO exited: queue-worker_00 (exit status 0; expected)
2023-08-18 08:45:31,155 INFO spawned: 'queue-worker_00' with pid 246
2023-08-18 08:45:32,158 INFO success: queue-worker_00 entered RUNNING state, process has stayed up for > than 1 seconds (startsecs)
2023-08-18 08:45:35,535 INFO exited: queue-worker_00 (exit status 0; expected)
2023-08-18 08:45:36,562 INFO spawned: 'queue-worker_00' with pid 251
2023-08-18 08:45:37,566 INFO success: queue-worker_00 entered RUNNING state, process has stayed up for > than 1 seconds (startsecs)
2023-08-18 08:45:41,016 INFO exited: queue-worker_00 (exit status 0; expected)
2023-08-18 08:45:42,038 INFO spawned: 'queue-worker_00' with pid 256
2023-08-18 08:45:43,042 INFO success: queue-worker_00 entered RUNNING state, process has stayed up for > than 1 seconds (startsecs)
2023-08-18 08:45:46,529 INFO exited: queue-worker_00 (exit status 0; expected)
2023-08-18 08:45:47,563 INFO spawned: 'queue-worker_00' with pid 261
2023-08-18 08:45:48,570 INFO success: queue-worker_00 entered RUNNING state, process has stayed up for > than 1 seconds (startsecs)
2023-08-18 08:45:52,070 INFO exited: queue-worker_00 (exit status 0; expected)
2023-08-18 08:45:53,096 INFO spawned: 'queue-worker_00' with pid 266
2023-08-18 08:45:54,140 INFO success: queue-worker_00 entered RUNNING state, process has stayed up for > than 1 seconds (startsecs)
2023-08-18 08:45:57,530 INFO exited: queue-worker_00 (exit status 0; expected)
2023-08-18 08:45:58,556 INFO spawned: 'queue-worker_00' with pid 271
2023-08-18 08:45:59,560 INFO success: queue-worker_00 entered RUNNING state, process has stayed up for > than 1 seconds (startsecs)
2023-08-18 08:46:03,086 INFO exited: queue-worker_00 (exit status 0; expected)
2023-08-18 08:46:04,116 INFO spawned: 'queue-worker_00' with pid 280
2023-08-18 08:46:05,126 INFO success: queue-worker_00 entered RUNNING state, process has stayed up for > than 1 seconds (startsecs)
2023-08-18 08:46:08,501 INFO exited: queue-worker_00 (exit status 0; expected)
2023-08-18 08:46:09,513 INFO spawned: 'queue-worker_00' with pid 285
2023-08-18 08:46:10,517 INFO success: queue-worker_00 entered RUNNING state, process has stayed up for > than 1 seconds (startsecs)
2023-08-18 08:46:13,854 INFO exited: queue-worker_00 (exit status 0; expected)
2023-08-18 08:46:14,868 INFO spawned: 'queue-worker_00' with pid 290
2023-08-18 08:46:15,877 INFO success: queue-worker_00 entered RUNNING state, process has stayed up for > than 1 seconds (startsecs)
2023-08-18 08:46:19,250 INFO exited: queue-worker_00 (exit status 0; expected)
2023-08-18 08:46:20,295 INFO spawned: 'queue-worker_00' with pid 295
2023-08-18 08:46:21,301 INFO success: queue-worker_00 entered RUNNING state, process has stayed up for > than 1 seconds (startsecs)
2023-08-18 08:46:24,701 INFO exited: queue-worker_00 (exit status 0; expected)
2023-08-18 08:46:25,713 INFO spawned: 'queue-worker_00' with pid 300
2023-08-18 08:46:26,720 INFO success: queue-worker_00 entered RUNNING state, process has stayed up for > than 1 seconds (startsecs)
2023-08-18 08:46:30,093 INFO exited: queue-worker_00 (exit status 0; expected)
2023-08-18 08:46:31,127 INFO spawned: 'queue-worker_00' with pid 305
2023-08-18 08:46:32,138 INFO success: queue-worker_00 entered RUNNING state, process has stayed up for > than 1 seconds (startsecs)
2023-08-18 08:46:35,570 INFO exited: queue-worker_00 (exit status 0; expected)
2023-08-18 08:46:36,604 INFO spawned: 'queue-worker_00' with pid 310
2023-08-18 08:46:37,614 INFO success: queue-worker_00 entered RUNNING state, process has stayed up for > than 1 seconds (startsecs)
2023-08-18 08:46:41,087 INFO exited: queue-worker_00 (exit status 0; expected)
2023-08-18 08:46:42,113 INFO spawned: 'queue-worker_00' with pid 315
2023-08-18 08:46:43,121 INFO success: queue-worker_00 entered RUNNING state, process has stayed up for > than 1 seconds (startsecs)
2023-08-18 08:46:46,524 INFO exited: queue-worker_00 (exit status 0; expected)
2023-08-18 08:46:47,540 INFO spawned: 'queue-worker_00' with pid 320
2023-08-18 08:46:48,550 INFO success: queue-worker_00 entered RUNNING state, process has stayed up for > than 1 seconds (startsecs)
2023-08-18 08:46:51,851 INFO exited: queue-worker_00 (exit status 0; expected)
2023-08-18 08:46:52,873 INFO spawned: 'queue-worker_00' with pid 325
2023-08-18 08:46:53,879 INFO success: queue-worker_00 entered RUNNING state, process has stayed up for > than 1 seconds (startsecs)
2023-08-18 08:46:57,340 INFO exited: queue-worker_00 (exit status 0; expected)
2023-08-18 08:46:58,395 INFO spawned: 'queue-worker_00' with pid 330
2023-08-18 08:46:59,407 INFO success: queue-worker_00 entered RUNNING state, process has stayed up for > than 1 seconds (startsecs)
2023-08-18 08:47:02,853 INFO exited: queue-worker_00 (exit status 0; expected)
2023-08-18 08:47:03,873 INFO spawned: 'queue-worker_00' with pid 339
2023-08-18 08:47:04,882 INFO success: queue-worker_00 entered RUNNING state, process has stayed up for > than 1 seconds (startsecs)
2023-08-18 08:47:08,211 INFO exited: queue-worker_00 (exit status 0; expected)
2023-08-18 08:47:09,223 INFO spawned: 'queue-worker_00' with pid 344
2023-08-18 08:47:10,231 INFO success: queue-worker_00 entered RUNNING state, process has stayed up for > than 1 seconds (startsecs)
2023-08-18 08:47:13,605 INFO exited: queue-worker_00 (exit status 0; expected)
2023-08-18 08:47:14,637 INFO spawned: 'queue-worker_00' with pid 349
2023-08-18 08:47:15,643 INFO success: queue-worker_00 entered RUNNING state, process has stayed up for > than 1 seconds (startsecs)
2023-08-18 08:47:19,044 INFO exited: queue-worker_00 (exit status 0; expected)
2023-08-18 08:47:20,055 INFO spawned: 'queue-worker_00' with pid 354
2023-08-18 08:47:21,063 INFO success: queue-worker_00 entered RUNNING state, process has stayed up for > than 1 seconds (startsecs)
2023-08-18 08:47:24,475 INFO exited: queue-worker_00 (exit status 0; expected)
2023-08-18 08:47:25,482 INFO spawned: 'queue-worker_00' with pid 359
2023-08-18 08:47:26,484 INFO success: queue-worker_00 entered RUNNING state, process has stayed up for > than 1 seconds (startsecs)
2023-08-18 08:47:29,997 INFO exited: queue-worker_00 (exit status 0; expected)
2023-08-18 08:47:31,010 INFO spawned: 'queue-worker_00' with pid 364
2023-08-18 08:47:32,021 INFO success: queue-worker_00 entered RUNNING state, process has stayed up for > than 1 seconds (startsecs)
2023-08-18 08:47:32,022 WARN received SIGTERM indicating exit request
2023-08-18 08:47:32,024 INFO waiting for queue-worker_00, schedule-worker_00 to die
2023-08-18 08:47:32,028 WARN stopped: schedule-worker_00 (terminated by SIGTERM)
2023-08-18 08:47:33,034 WARN stopped: queue-worker_00 (terminated by SIGTERM)
2023-08-18 08:47:35,336 INFO Set uid to user 0 succeeded
2023-08-18 08:47:35,343 INFO supervisord started with pid 1
2023-08-18 08:47:36,354 INFO spawned: 'queue-worker_00' with pid 6
2023-08-18 08:47:36,367 INFO spawned: 'schedule-worker_00' with pid 7
2023-08-18 08:47:37,810 INFO success: queue-worker_00 entered RUNNING state, process has stayed up for > than 1 seconds (startsecs)
2023-08-18 08:47:37,811 INFO success: schedule-worker_00 entered RUNNING state, process has stayed up for > than 1 seconds (startsecs)
2023-08-18 08:47:40,902 INFO exited: queue-worker_00 (exit status 0; expected)
2023-08-18 08:47:41,918 INFO spawned: 'queue-worker_00' with pid 14
2023-08-18 08:47:42,931 INFO success: queue-worker_00 entered RUNNING state, process has stayed up for > than 1 seconds (startsecs)
2023-08-18 08:47:46,948 INFO exited: queue-worker_00 (exit status 0; expected)
2023-08-18 08:47:48,005 INFO spawned: 'queue-worker_00' with pid 19
2023-08-18 08:47:49,068 INFO success: queue-worker_00 entered RUNNING state, process has stayed up for > than 1 seconds (startsecs)
2023-08-18 08:47:54,013 INFO exited: queue-worker_00 (exit status 0; expected)
2023-08-18 08:47:55,121 INFO spawned: 'queue-worker_00' with pid 24
2023-08-18 08:47:56,129 INFO success: queue-worker_00 entered RUNNING state, process has stayed up for > than 1 seconds (startsecs)
2023-08-18 08:47:59,843 INFO exited: queue-worker_00 (exit status 0; expected)
2023-08-18 08:48:00,856 INFO spawned: 'queue-worker_00' with pid 31
2023-08-18 08:48:02,510 INFO success: queue-worker_00 entered RUNNING state, process has stayed up for > than 1 seconds (startsecs)
2023-08-18 08:48:05,649 INFO exited: queue-worker_00 (exit status 0; expected)
2023-08-18 08:48:06,683 INFO spawned: 'queue-worker_00' with pid 38
2023-08-18 08:48:07,690 INFO success: queue-worker_00 entered RUNNING state, process has stayed up for > than 1 seconds (startsecs)
2023-08-18 08:48:11,087 INFO exited: queue-worker_00 (exit status 0; expected)
2023-08-18 08:48:12,095 INFO spawned: 'queue-worker_00' with pid 43
2023-08-18 08:48:13,100 INFO success: queue-worker_00 entered RUNNING state, process has stayed up for > than 1 seconds (startsecs)
2023-08-18 08:48:16,420 INFO exited: queue-worker_00 (exit status 0; expected)
2023-08-18 08:48:17,448 INFO spawned: 'queue-worker_00' with pid 48
2023-08-18 08:48:18,457 INFO success: queue-worker_00 entered RUNNING state, process has stayed up for > than 1 seconds (startsecs)
2023-08-18 08:48:21,817 INFO exited: queue-worker_00 (exit status 0; expected)
2023-08-18 08:48:22,830 INFO spawned: 'queue-worker_00' with pid 53
2023-08-18 08:48:23,836 INFO success: queue-worker_00 entered RUNNING state, process has stayed up for > than 1 seconds (startsecs)
2023-08-18 08:48:27,193 INFO exited: queue-worker_00 (exit status 0; expected)
2023-08-18 08:48:28,231 INFO spawned: 'queue-worker_00' with pid 58
2023-08-18 08:48:29,237 INFO success: queue-worker_00 entered RUNNING state, process has stayed up for > than 1 seconds (startsecs)
2023-08-18 08:48:32,596 INFO exited: queue-worker_00 (exit status 0; expected)
2023-08-18 08:48:33,628 INFO spawned: 'queue-worker_00' with pid 63
2023-08-18 08:48:34,635 INFO success: queue-worker_00 entered RUNNING state, process has stayed up for > than 1 seconds (startsecs)
2023-08-18 08:48:38,117 INFO exited: queue-worker_00 (exit status 0; expected)
2023-08-18 08:48:39,150 INFO spawned: 'queue-worker_00' with pid 68
2023-08-18 08:48:40,165 INFO success: queue-worker_00 entered RUNNING state, process has stayed up for > than 1 seconds (startsecs)
2023-08-18 08:48:43,591 INFO exited: queue-worker_00 (exit status 0; expected)
2023-08-18 08:48:44,610 INFO spawned: 'queue-worker_00' with pid 73
2023-08-18 08:48:45,624 INFO success: queue-worker_00 entered RUNNING state, process has stayed up for > than 1 seconds (startsecs)
2023-08-18 08:48:48,948 INFO exited: queue-worker_00 (exit status 0; expected)
2023-08-18 08:48:49,983 INFO spawned: 'queue-worker_00' with pid 78
2023-08-18 08:48:50,990 INFO success: queue-worker_00 entered RUNNING state, process has stayed up for > than 1 seconds (startsecs)
2023-08-18 08:48:54,310 INFO exited: queue-worker_00 (exit status 0; expected)
2023-08-18 08:48:55,334 INFO spawned: 'queue-worker_00' with pid 83
2023-08-18 08:48:56,343 INFO success: queue-worker_00 entered RUNNING state, process has stayed up for > than 1 seconds (startsecs)
2023-08-18 08:48:59,677 INFO exited: queue-worker_00 (exit status 0; expected)
2023-08-18 08:49:00,524 INFO spawned: 'queue-worker_00' with pid 92
2023-08-18 08:49:01,533 INFO success: queue-worker_00 entered RUNNING state, process has stayed up for > than 1 seconds (startsecs)
2023-08-18 08:49:04,815 INFO exited: queue-worker_00 (exit status 0; expected)
2023-08-18 08:49:05,830 INFO spawned: 'queue-worker_00' with pid 97
2023-08-18 08:49:06,834 INFO success: queue-worker_00 entered RUNNING state, process has stayed up for > than 1 seconds (startsecs)
2023-08-18 08:49:10,158 INFO exited: queue-worker_00 (exit status 0; expected)
2023-08-18 08:49:11,171 INFO spawned: 'queue-worker_00' with pid 102
2023-08-18 08:49:12,184 INFO success: queue-worker_00 entered RUNNING state, process has stayed up for > than 1 seconds (startsecs)
2023-08-18 08:49:15,558 INFO exited: queue-worker_00 (exit status 0; expected)
2023-08-18 08:49:16,581 INFO spawned: 'queue-worker_00' with pid 107
2023-08-18 08:49:17,586 INFO success: queue-worker_00 entered RUNNING state, process has stayed up for > than 1 seconds (startsecs)
2023-08-18 08:49:20,937 INFO exited: queue-worker_00 (exit status 0; expected)
2023-08-18 08:49:21,949 INFO spawned: 'queue-worker_00' with pid 112
2023-08-18 08:49:22,958 INFO success: queue-worker_00 entered RUNNING state, process has stayed up for > than 1 seconds (startsecs)
2023-08-18 08:49:26,347 INFO exited: queue-worker_00 (exit status 0; expected)
2023-08-18 08:49:27,380 INFO spawned: 'queue-worker_00' with pid 117
2023-08-18 08:49:28,396 INFO success: queue-worker_00 entered RUNNING state, process has stayed up for > than 1 seconds (startsecs)
2023-08-18 08:49:31,775 INFO exited: queue-worker_00 (exit status 0; expected)
2023-08-18 08:49:32,788 INFO spawned: 'queue-worker_00' with pid 122
2023-08-18 08:49:33,796 INFO success: queue-worker_00 entered RUNNING state, process has stayed up for > than 1 seconds (startsecs)
2023-08-18 08:49:37,121 INFO exited: queue-worker_00 (exit status 0; expected)
2023-08-18 08:49:38,144 INFO spawned: 'queue-worker_00' with pid 127
2023-08-18 08:49:39,158 INFO success: queue-worker_00 entered RUNNING state, process has stayed up for > than 1 seconds (startsecs)
2023-08-18 08:49:42,526 INFO exited: queue-worker_00 (exit status 0; expected)
2023-08-18 08:49:43,548 INFO spawned: 'queue-worker_00' with pid 132
2023-08-18 08:49:44,556 INFO success: queue-worker_00 entered RUNNING state, process has stayed up for > than 1 seconds (startsecs)
2023-08-18 08:49:47,912 INFO exited: queue-worker_00 (exit status 0; expected)
2023-08-18 08:49:48,942 INFO spawned: 'queue-worker_00' with pid 137
2023-08-18 08:49:49,958 INFO success: queue-worker_00 entered RUNNING state, process has stayed up for > than 1 seconds (startsecs)
2023-08-18 08:49:53,303 INFO exited: queue-worker_00 (exit status 0; expected)
2023-08-18 08:49:54,316 INFO spawned: 'queue-worker_00' with pid 142
2023-08-18 08:49:55,333 INFO success: queue-worker_00 entered RUNNING state, process has stayed up for > than 1 seconds (startsecs)
2023-08-18 08:49:58,679 INFO exited: queue-worker_00 (exit status 0; expected)
2023-08-18 08:49:59,700 INFO spawned: 'queue-worker_00' with pid 147
2023-08-18 08:50:01,360 INFO success: queue-worker_00 entered RUNNING state, process has stayed up for > than 1 seconds (startsecs)
2023-08-18 08:50:04,023 INFO exited: queue-worker_00 (exit status 0; expected)
2023-08-18 08:50:05,043 INFO spawned: 'queue-worker_00' with pid 156
2023-08-18 08:50:06,054 INFO success: queue-worker_00 entered RUNNING state, process has stayed up for > than 1 seconds (startsecs)
2023-08-18 08:50:09,408 INFO exited: queue-worker_00 (exit status 0; expected)
2023-08-18 08:50:10,428 INFO spawned: 'queue-worker_00' with pid 161
2023-08-18 08:50:11,437 INFO success: queue-worker_00 entered RUNNING state, process has stayed up for > than 1 seconds (startsecs)
2023-08-18 08:50:14,808 INFO exited: queue-worker_00 (exit status 0; expected)
2023-08-18 08:50:15,841 INFO spawned: 'queue-worker_00' with pid 166
2023-08-18 08:50:16,853 INFO success: queue-worker_00 entered RUNNING state, process has stayed up for > than 1 seconds (startsecs)
2023-08-18 08:50:20,225 INFO exited: queue-worker_00 (exit status 0; expected)
2023-08-18 08:50:21,246 INFO spawned: 'queue-worker_00' with pid 171
2023-08-18 08:50:22,250 INFO success: queue-worker_00 entered RUNNING state, process has stayed up for > than 1 seconds (startsecs)
2023-08-18 08:50:25,626 INFO exited: queue-worker_00 (exit status 0; expected)
2023-08-18 08:50:26,656 INFO spawned: 'queue-worker_00' with pid 176
2023-08-18 08:50:27,659 INFO success: queue-worker_00 entered RUNNING state, process has stayed up for > than 1 seconds (startsecs)
2023-08-18 08:50:31,013 INFO exited: queue-worker_00 (exit status 0; expected)
2023-08-18 08:50:32,031 INFO spawned: 'queue-worker_00' with pid 181
2023-08-18 08:50:33,035 INFO success: queue-worker_00 entered RUNNING state, process has stayed up for > than 1 seconds (startsecs)
2023-08-18 08:50:36,333 INFO exited: queue-worker_00 (exit status 0; expected)
2023-08-18 08:50:37,351 INFO spawned: 'queue-worker_00' with pid 186
2023-08-18 08:50:38,366 INFO success: queue-worker_00 entered RUNNING state, process has stayed up for > than 1 seconds (startsecs)
2023-08-18 08:50:41,654 INFO exited: queue-worker_00 (exit status 0; expected)
2023-08-18 08:50:42,681 INFO spawned: 'queue-worker_00' with pid 191
2023-08-18 08:50:43,692 INFO success: queue-worker_00 entered RUNNING state, process has stayed up for > than 1 seconds (startsecs)
2023-08-18 08:50:47,010 INFO exited: queue-worker_00 (exit status 0; expected)
2023-08-18 08:50:48,032 INFO spawned: 'queue-worker_00' with pid 196
2023-08-18 08:50:49,047 INFO success: queue-worker_00 entered RUNNING state, process has stayed up for > than 1 seconds (startsecs)
2023-08-18 08:50:52,399 INFO exited: queue-worker_00 (exit status 0; expected)
2023-08-18 08:50:53,429 INFO spawned: 'queue-worker_00' with pid 201
2023-08-18 08:50:54,450 INFO success: queue-worker_00 entered RUNNING state, process has stayed up for > than 1 seconds (startsecs)
2023-08-18 08:50:58,227 INFO exited: queue-worker_00 (exit status 0; expected)
2023-08-18 08:50:59,256 INFO spawned: 'queue-worker_00' with pid 206
2023-08-18 08:51:00,262 INFO success: queue-worker_00 entered RUNNING state, process has stayed up for > than 1 seconds (startsecs)
2023-08-18 08:51:03,713 INFO exited: queue-worker_00 (exit status 0; expected)
2023-08-18 08:51:04,745 INFO spawned: 'queue-worker_00' with pid 215
2023-08-18 08:51:05,752 INFO success: queue-worker_00 entered RUNNING state, process has stayed up for > than 1 seconds (startsecs)
2023-08-18 08:51:09,166 INFO exited: queue-worker_00 (exit status 0; expected)
2023-08-18 08:51:10,205 INFO spawned: 'queue-worker_00' with pid 220
2023-08-18 08:51:11,438 INFO success: queue-worker_00 entered RUNNING state, process has stayed up for > than 1 seconds (startsecs)
2023-08-18 08:51:15,024 INFO exited: queue-worker_00 (exit status 0; expected)
2023-08-18 08:51:16,065 INFO spawned: 'queue-worker_00' with pid 225
2023-08-18 08:51:17,076 INFO success: queue-worker_00 entered RUNNING state, process has stayed up for > than 1 seconds (startsecs)
2023-08-18 08:51:20,522 INFO exited: queue-worker_00 (exit status 0; expected)
2023-08-18 08:51:21,532 INFO spawned: 'queue-worker_00' with pid 230
2023-08-18 08:51:22,541 INFO success: queue-worker_00 entered RUNNING state, process has stayed up for > than 1 seconds (startsecs)
2023-08-18 08:51:25,932 INFO exited: queue-worker_00 (exit status 0; expected)
2023-08-18 08:51:26,957 INFO spawned: 'queue-worker_00' with pid 235
2023-08-18 08:51:27,967 INFO success: queue-worker_00 entered RUNNING state, process has stayed up for > than 1 seconds (startsecs)
2023-08-18 08:51:31,385 INFO exited: queue-worker_00 (exit status 0; expected)
2023-08-18 08:51:32,404 INFO spawned: 'queue-worker_00' with pid 240
2023-08-18 08:51:33,409 INFO success: queue-worker_00 entered RUNNING state, process has stayed up for > than 1 seconds (startsecs)
2023-08-18 08:51:36,837 INFO exited: queue-worker_00 (exit status 0; expected)
2023-08-18 08:51:37,875 INFO spawned: 'queue-worker_00' with pid 245
2023-08-18 08:51:38,881 INFO success: queue-worker_00 entered RUNNING state, process has stayed up for > than 1 seconds (startsecs)
2023-08-18 08:51:42,249 INFO exited: queue-worker_00 (exit status 0; expected)
2023-08-18 08:51:43,261 INFO spawned: 'queue-worker_00' with pid 250
2023-08-18 08:51:44,267 INFO success: queue-worker_00 entered RUNNING state, process has stayed up for > than 1 seconds (startsecs)
2023-08-18 08:51:47,586 INFO exited: queue-worker_00 (exit status 0; expected)
2023-08-18 08:51:48,621 INFO spawned: 'queue-worker_00' with pid 255
2023-08-18 08:51:49,632 INFO success: queue-worker_00 entered RUNNING state, process has stayed up for > than 1 seconds (startsecs)
2023-08-18 08:51:53,051 INFO exited: queue-worker_00 (exit status 0; expected)
2023-08-18 08:51:54,059 INFO spawned: 'queue-worker_00' with pid 260
2023-08-18 08:51:55,067 INFO success: queue-worker_00 entered RUNNING state, process has stayed up for > than 1 seconds (startsecs)
2023-08-18 08:51:58,412 INFO exited: queue-worker_00 (exit status 0; expected)
2023-08-18 08:51:59,483 INFO spawned: 'queue-worker_00' with pid 265
2023-08-18 08:52:00,496 INFO success: queue-worker_00 entered RUNNING state, process has stayed up for > than 1 seconds (startsecs)
2023-08-18 08:52:04,758 INFO exited: queue-worker_00 (exit status 0; expected)
2023-08-18 08:52:05,783 INFO spawned: 'queue-worker_00' with pid 274
2023-08-18 08:52:06,789 INFO success: queue-worker_00 entered RUNNING state, process has stayed up for > than 1 seconds (startsecs)
2023-08-18 08:52:10,145 INFO exited: queue-worker_00 (exit status 0; expected)
2023-08-18 08:52:11,163 INFO spawned: 'queue-worker_00' with pid 279
2023-08-18 08:52:12,167 INFO success: queue-worker_00 entered RUNNING state, process has stayed up for > than 1 seconds (startsecs)
2023-08-18 08:52:15,487 INFO exited: queue-worker_00 (exit status 0; expected)
2023-08-18 08:52:16,505 INFO spawned: 'queue-worker_00' with pid 284
2023-08-18 08:52:17,514 INFO success: queue-worker_00 entered RUNNING state, process has stayed up for > than 1 seconds (startsecs)
2023-08-18 08:52:20,847 INFO exited: queue-worker_00 (exit status 0; expected)
2023-08-18 08:52:21,859 INFO spawned: 'queue-worker_00' with pid 289
2023-08-18 08:52:22,864 INFO success: queue-worker_00 entered RUNNING state, process has stayed up for > than 1 seconds (startsecs)
2023-08-18 08:52:26,236 INFO exited: queue-worker_00 (exit status 0; expected)
2023-08-18 08:52:27,255 INFO spawned: 'queue-worker_00' with pid 294
2023-08-18 08:52:28,260 INFO success: queue-worker_00 entered RUNNING state, process has stayed up for > than 1 seconds (startsecs)
2023-08-18 08:52:31,617 INFO exited: queue-worker_00 (exit status 0; expected)
2023-08-18 08:52:32,631 INFO spawned: 'queue-worker_00' with pid 299
2023-08-18 08:52:33,642 INFO success: queue-worker_00 entered RUNNING state, process has stayed up for > than 1 seconds (startsecs)
2023-08-18 08:52:36,992 INFO exited: queue-worker_00 (exit status 0; expected)
2023-08-18 08:52:38,017 INFO spawned: 'queue-worker_00' with pid 304
2023-08-18 08:52:39,022 INFO success: queue-worker_00 entered RUNNING state, process has stayed up for > than 1 seconds (startsecs)
2023-08-18 08:52:42,366 INFO exited: queue-worker_00 (exit status 0; expected)
2023-08-18 08:52:43,377 INFO spawned: 'queue-worker_00' with pid 309
2023-08-18 08:52:44,382 INFO success: queue-worker_00 entered RUNNING state, process has stayed up for > than 1 seconds (startsecs)
2023-08-18 08:52:47,807 INFO exited: queue-worker_00 (exit status 0; expected)
2023-08-18 08:52:48,835 INFO spawned: 'queue-worker_00' with pid 314
2023-08-18 08:52:49,845 INFO success: queue-worker_00 entered RUNNING state, process has stayed up for > than 1 seconds (startsecs)
2023-08-18 08:52:53,202 INFO exited: queue-worker_00 (exit status 0; expected)
2023-08-18 08:52:54,215 INFO spawned: 'queue-worker_00' with pid 319
2023-08-18 08:52:55,224 INFO success: queue-worker_00 entered RUNNING state, process has stayed up for > than 1 seconds (startsecs)
2023-08-18 08:54:21,546 WARN received SIGTERM indicating exit request
2023-08-18 08:54:21,549 INFO waiting for queue-worker_00, schedule-worker_00 to die
2023-08-18 08:54:21,553 WARN stopped: schedule-worker_00 (terminated by SIGTERM)
2023-08-18 08:54:22,564 WARN stopped: queue-worker_00 (terminated by SIGTERM)
2023-08-18 08:55:28,313 INFO Set uid to user 0 succeeded
2023-08-18 08:55:28,317 INFO supervisord started with pid 1
2023-08-18 08:55:29,325 INFO spawned: 'queue-worker_00' with pid 7
2023-08-18 08:55:29,333 INFO spawned: 'schedule-worker_00' with pid 8
2023-08-18 08:55:30,333 INFO success: queue-worker_00 entered RUNNING state, process has stayed up for > than 1 seconds (startsecs)
2023-08-18 08:55:30,334 INFO success: schedule-worker_00 entered RUNNING state, process has stayed up for > than 1 seconds (startsecs)
2023-08-18 09:03:07,010 WARN received SIGTERM indicating exit request
2023-08-18 09:03:07,016 INFO waiting for queue-worker_00, schedule-worker_00 to die
2023-08-18 09:03:07,045 WARN stopped: schedule-worker_00 (terminated by SIGTERM)
2023-08-18 09:03:08,061 WARN stopped: queue-worker_00 (terminated by SIGTERM)
2023-08-18 09:03:10,841 INFO Set uid to user 0 succeeded
2023-08-18 09:03:10,847 INFO supervisord started with pid 1
2023-08-18 09:03:11,864 INFO spawned: 'queue-worker_00' with pid 6
2023-08-18 09:03:11,872 INFO spawned: 'schedule-worker_00' with pid 7
2023-08-18 09:03:13,421 INFO success: queue-worker_00 entered RUNNING state, process has stayed up for > than 1 seconds (startsecs)
2023-08-18 09:03:13,429 INFO success: schedule-worker_00 entered RUNNING state, process has stayed up for > than 1 seconds (startsecs)
2023-08-18 09:20:37,788 WARN received SIGTERM indicating exit request
2023-08-18 09:20:37,794 INFO waiting for queue-worker_00, schedule-worker_00 to die
2023-08-18 09:20:37,801 WARN stopped: schedule-worker_00 (terminated by SIGTERM)
2023-08-18 09:20:38,814 WARN stopped: queue-worker_00 (terminated by SIGTERM)
2023-08-18 09:20:44,799 INFO Set uid to user 0 succeeded
2023-08-18 09:20:45,025 INFO supervisord started with pid 1
2023-08-18 09:20:46,070 INFO spawned: 'queue-worker_00' with pid 8
2023-08-18 09:20:46,146 INFO spawned: 'schedule-worker_00' with pid 9
2023-08-18 09:20:47,198 INFO success: queue-worker_00 entered RUNNING state, process has stayed up for > than 1 seconds (startsecs)
2023-08-18 09:20:47,338 INFO success: schedule-worker_00 entered RUNNING state, process has stayed up for > than 1 seconds (startsecs)
2023-08-18 09:23:04,607 WARN received SIGTERM indicating exit request
2023-08-18 09:23:04,621 INFO waiting for queue-worker_00, schedule-worker_00 to die
2023-08-18 09:23:04,649 WARN stopped: schedule-worker_00 (terminated by SIGTERM)
2023-08-18 09:23:04,659 WARN stopped: queue-worker_00 (terminated by SIGTERM)
2023-08-18 09:24:10,608 INFO Set uid to user 0 succeeded
2023-08-18 09:24:10,612 INFO supervisord started with pid 1
2023-08-18 09:24:11,630 INFO spawned: 'queue-worker_00' with pid 7
2023-08-18 09:24:11,642 INFO spawned: 'schedule-worker_00' with pid 8
2023-08-18 09:24:13,229 INFO success: queue-worker_00 entered RUNNING state, process has stayed up for > than 1 seconds (startsecs)
2023-08-18 09:24:13,232 INFO success: schedule-worker_00 entered RUNNING state, process has stayed up for > than 1 seconds (startsecs)
2023-08-18 09:26:03,498 WARN received SIGTERM indicating exit request
2023-08-18 09:26:03,506 INFO waiting for queue-worker_00, schedule-worker_00 to die
2023-08-18 09:26:03,515 WARN stopped: schedule-worker_00 (terminated by SIGTERM)
2023-08-18 09:26:04,524 WARN stopped: queue-worker_00 (terminated by SIGTERM)
2023-08-18 09:26:21,886 INFO Set uid to user 0 succeeded
2023-08-18 09:26:21,893 INFO supervisord started with pid 1
2023-08-18 09:26:22,909 INFO spawned: 'queue-worker_00' with pid 7
2023-08-18 09:26:22,915 INFO spawned: 'schedule-worker_00' with pid 8
2023-08-18 09:26:24,359 INFO success: queue-worker_00 entered RUNNING state, process has stayed up for > than 1 seconds (startsecs)
2023-08-18 09:26:24,359 INFO success: schedule-worker_00 entered RUNNING state, process has stayed up for > than 1 seconds (startsecs)
2023-08-18 09:29:43,982 WARN received SIGTERM indicating exit request
2023-08-18 09:29:43,995 INFO waiting for queue-worker_00, schedule-worker_00 to die
2023-08-18 09:29:44,010 WARN stopped: schedule-worker_00 (terminated by SIGTERM)
2023-08-18 09:29:45,022 WARN stopped: queue-worker_00 (terminated by SIGTERM)
2023-08-18 09:30:13,698 INFO Set uid to user 0 succeeded
2023-08-18 09:30:13,710 INFO supervisord started with pid 1
2023-08-18 09:30:14,720 INFO spawned: 'queue-worker_00' with pid 7
2023-08-18 09:30:14,727 INFO spawned: 'schedule-worker_00' with pid 8
2023-08-18 09:30:16,269 INFO success: queue-worker_00 entered RUNNING state, process has stayed up for > than 1 seconds (startsecs)
2023-08-18 09:30:16,269 INFO success: schedule-worker_00 entered RUNNING state, process has stayed up for > than 1 seconds (startsecs)
2023-08-18 09:39:44,769 WARN received SIGTERM indicating exit request
2023-08-18 09:39:44,785 INFO waiting for queue-worker_00, schedule-worker_00 to die
2023-08-18 09:39:44,829 WARN stopped: schedule-worker_00 (terminated by SIGTERM)
2023-08-18 09:39:45,854 WARN stopped: queue-worker_00 (terminated by SIGTERM)
2023-08-18 09:53:42,108 INFO Set uid to user 0 succeeded
2023-08-18 09:53:42,111 INFO supervisord started with pid 1
2023-08-18 09:53:43,119 INFO spawned: 'queue-worker_00' with pid 8
2023-08-18 09:53:43,125 INFO spawned: 'schedule-worker_00' with pid 9
2023-08-18 09:53:44,690 INFO success: queue-worker_00 entered RUNNING state, process has stayed up for > than 1 seconds (startsecs)
2023-08-18 09:53:44,692 INFO success: schedule-worker_00 entered RUNNING state, process has stayed up for > than 1 seconds (startsecs)
2023-08-18 09:55:04,593 WARN received SIGTERM indicating exit request
2023-08-18 09:55:04,602 INFO waiting for queue-worker_00, schedule-worker_00 to die
2023-08-18 09:55:04,619 WARN stopped: schedule-worker_00 (terminated by SIGTERM)
2023-08-18 09:55:05,633 WARN stopped: queue-worker_00 (terminated by SIGTERM)
2023-08-18 09:55:45,789 INFO Set uid to user 0 succeeded
2023-08-18 09:55:45,792 INFO supervisord started with pid 1
2023-08-18 09:55:46,796 INFO spawned: 'queue-worker_00' with pid 6
2023-08-18 09:55:46,799 INFO spawned: 'schedule-worker_00' with pid 7
2023-08-18 09:55:48,144 INFO success: queue-worker_00 entered RUNNING state, process has stayed up for > than 1 seconds (startsecs)
2023-08-18 09:55:48,145 INFO success: schedule-worker_00 entered RUNNING state, process has stayed up for > than 1 seconds (startsecs)
2023-08-18 09:55:51,234 INFO exited: queue-worker_00 (exit status 0; expected)
2023-08-18 09:55:52,240 INFO spawned: 'queue-worker_00' with pid 14
2023-08-18 09:55:53,243 INFO success: queue-worker_00 entered RUNNING state, process has stayed up for > than 1 seconds (startsecs)
2023-08-18 10:47:01,482 WARN received SIGTERM indicating exit request
2023-08-18 10:47:01,491 INFO waiting for queue-worker_00, schedule-worker_00 to die
2023-08-18 10:47:01,498 WARN stopped: schedule-worker_00 (terminated by SIGTERM)
2023-08-18 10:47:02,517 WARN stopped: queue-worker_00 (terminated by SIGTERM)
2023-08-18 10:47:50,989 INFO Set uid to user 0 succeeded
2023-08-18 10:47:51,000 INFO supervisord started with pid 1
2023-08-18 10:47:52,007 INFO spawned: 'queue-worker_00' with pid 7
2023-08-18 10:47:52,010 INFO spawned: 'schedule-worker_00' with pid 8
2023-08-18 10:47:53,012 INFO success: queue-worker_00 entered RUNNING state, process has stayed up for > than 1 seconds (startsecs)
2023-08-18 10:47:53,013 INFO success: schedule-worker_00 entered RUNNING state, process has stayed up for > than 1 seconds (startsecs)
2023-08-18 10:47:56,669 INFO exited: queue-worker_00 (exit status 0; expected)
2023-08-18 10:47:57,685 INFO spawned: 'queue-worker_00' with pid 15
2023-08-18 10:47:58,701 INFO success: queue-worker_00 entered RUNNING state, process has stayed up for > than 1 seconds (startsecs)
2023-08-18 10:59:16,839 WARN received SIGTERM indicating exit request
2023-08-18 10:59:16,853 INFO waiting for queue-worker_00, schedule-worker_00 to die
2023-08-18 10:59:16,867 WARN stopped: schedule-worker_00 (terminated by SIGTERM)
2023-08-18 10:59:16,883 WARN stopped: queue-worker_00 (terminated by SIGTERM)
2023-08-18 11:01:25,893 INFO Set uid to user 0 succeeded
2023-08-18 11:01:25,899 INFO supervisord started with pid 1
2023-08-18 11:01:26,914 INFO spawned: 'queue-worker_00' with pid 7
2023-08-18 11:01:26,918 INFO spawned: 'schedule-worker_00' with pid 8
2023-08-18 11:01:28,625 INFO success: queue-worker_00 entered RUNNING state, process has stayed up for > than 1 seconds (startsecs)
2023-08-18 11:01:28,625 INFO success: schedule-worker_00 entered RUNNING state, process has stayed up for > than 1 seconds (startsecs)
2023-08-18 11:01:31,722 INFO exited: queue-worker_00 (exit status 0; expected)
2023-08-18 11:01:32,734 INFO spawned: 'queue-worker_00' with pid 15
2023-08-18 11:01:33,748 INFO success: queue-worker_00 entered RUNNING state, process has stayed up for > than 1 seconds (startsecs)
2023-08-18 11:05:09,745 WARN received SIGTERM indicating exit request
2023-08-18 11:05:09,753 INFO waiting for queue-worker_00, schedule-worker_00 to die
2023-08-18 11:05:09,762 WARN stopped: schedule-worker_00 (terminated by SIGTERM)
2023-08-18 11:05:10,797 WARN stopped: queue-worker_00 (terminated by SIGTERM)
2023-08-18 11:05:14,779 INFO Set uid to user 0 succeeded
2023-08-18 11:05:14,783 INFO supervisord started with pid 1
2023-08-18 11:05:15,804 INFO spawned: 'queue-worker_00' with pid 7
2023-08-18 11:05:15,817 INFO spawned: 'schedule-worker_00' with pid 8
2023-08-18 11:05:17,400 INFO success: queue-worker_00 entered RUNNING state, process has stayed up for > than 1 seconds (startsecs)
2023-08-18 11:05:17,406 INFO success: schedule-worker_00 entered RUNNING state, process has stayed up for > than 1 seconds (startsecs)
2023-08-18 11:13:59,002 WARN received SIGTERM indicating exit request
2023-08-18 11:13:59,017 INFO waiting for queue-worker_00, schedule-worker_00 to die
2023-08-18 11:13:59,045 WARN stopped: schedule-worker_00 (terminated by SIGTERM)
2023-08-18 11:14:00,075 WARN stopped: queue-worker_00 (terminated by SIGTERM)
2023-08-18 11:14:01,031 INFO Set uid to user 0 succeeded
2023-08-18 11:14:01,033 INFO supervisord started with pid 1
2023-08-18 11:14:02,049 INFO spawned: 'queue-worker_00' with pid 7
2023-08-18 11:14:02,059 INFO spawned: 'schedule-worker_00' with pid 8
2023-08-18 11:14:03,470 INFO success: queue-worker_00 entered RUNNING state, process has stayed up for > than 1 seconds (startsecs)
2023-08-18 11:14:03,472 INFO success: schedule-worker_00 entered RUNNING state, process has stayed up for > than 1 seconds (startsecs)
2023-08-18 12:07:18,843 WARN received SIGTERM indicating exit request
2023-08-18 12:07:18,856 INFO waiting for queue-worker_00, schedule-worker_00 to die
2023-08-18 12:07:18,875 WARN stopped: schedule-worker_00 (terminated by SIGTERM)
2023-08-18 12:07:19,888 WARN stopped: queue-worker_00 (terminated by SIGTERM)
2023-08-18 12:48:23,427 INFO Set uid to user 0 succeeded
2023-08-18 12:48:23,433 INFO supervisord started with pid 1
2023-08-18 12:48:24,437 INFO spawned: 'queue-worker_00' with pid 7
2023-08-18 12:48:24,442 INFO spawned: 'schedule-worker_00' with pid 8
2023-08-18 12:48:25,931 INFO success: queue-worker_00 entered RUNNING state, process has stayed up for > than 1 seconds (startsecs)
2023-08-18 12:48:25,932 INFO success: schedule-worker_00 entered RUNNING state, process has stayed up for > than 1 seconds (startsecs)
2023-08-18 12:48:28,031 WARN received SIGTERM indicating exit request
2023-08-18 12:48:28,032 INFO waiting for queue-worker_00, schedule-worker_00 to die
2023-08-18 12:48:28,048 WARN stopped: schedule-worker_00 (terminated by SIGTERM)
2023-08-18 12:48:29,057 WARN stopped: queue-worker_00 (terminated by SIGTERM)
2023-08-18 12:48:29,476 INFO Set uid to user 0 succeeded
2023-08-18 12:48:29,478 INFO supervisord started with pid 1
2023-08-18 12:48:30,498 INFO spawned: 'queue-worker_00' with pid 7
2023-08-18 12:48:30,503 INFO spawned: 'schedule-worker_00' with pid 8
2023-08-18 12:48:31,825 INFO success: queue-worker_00 entered RUNNING state, process has stayed up for > than 1 seconds (startsecs)
2023-08-18 12:48:31,827 INFO success: schedule-worker_00 entered RUNNING state, process has stayed up for > than 1 seconds (startsecs)
